四月 06, 2020 7:18:44 上午 hudson.model.AsyncPeriodicWork lambda$doRun$0
信息: Started Workspace clean-up
四月 06, 2020 7:18:44 上午 hudson.model.AsyncPeriodicWork lambda$doRun$0
信息: Finished Workspace clean-up. 7 ms
四月 06, 2020 9:07:29 上午 hudson.model.AsyncPeriodicWork lambda$doRun$0
信息: Started Fingerprint cleanup
四月 06, 2020 9:07:29 上午 hudson.model.AsyncPeriodicWork lambda$doRun$0
信息: Finished Fingerprint cleanup. 6 ms
四月 06, 2020 4:13:34 下午 hudson.model.AsyncPeriodicWork lambda$doRun$0
信息: Started Download metadata
四月 06, 2020 4:13:34 下午 hudson.util.Retrier start
信息: Attempt #1 to do the action check updates server
四月 06, 2020 4:14:29 下午 hudson.model.DownloadService$Downloadable load
信息: Obtained the updated data file for hudson.tasks.Maven.MavenInstaller
四月 06, 2020 4:14:29 下午 hudson.model.DownloadService$Downloadable load
信息: Obtained the updated data file for hudson.tasks.Ant.AntInstaller
四月 06, 2020 4:14:31 下午 hudson.model.DownloadService$Downloadable load
信息: Obtained the updated data file for hudson.plugins.gradle.GradleInstaller
四月 06, 2020 4:14:41 下午 hudson.model.DownloadService$Downloadable load
信息: Obtained the updated data file for hudson.tools.JDKInstaller
四月 06, 2020 4:14:41 下午 hudson.util.Retrier start
信息: Performed the action check updates server successfully at the attempt #1
四月 06, 2020 4:14:41 下午 hudson.model.AsyncPeriodicWork lambda$doRun$0
信息: Finished Download metadata. 67,142 ms
四月 06, 2020 9:04:04 下午 hudson.model.AsyncPeriodicWork lambda$doRun$0
信息: Started telemetry collection
四月 06, 2020 9:04:04 下午 hudson.model.AsyncPeriodicWork lambda$doRun$0
信息: Finished telemetry collection. 6 ms
