四月 09, 2020 4:10:25 下午 org.apache.catalina.core.ApplicationContext log
信息: ContextListener: contextInitialized()
四月 09, 2020 4:10:25 下午 org.apache.catalina.core.ApplicationContext log
信息: SessionListener: contextInitialized()
四月 09, 2020 4:10:25 下午 org.apache.catalina.core.ApplicationContext log
信息: ContextListener: attributeAdded('StockTicker', 'async.Stockticker@5eee4456')
四月 09, 2020 4:10:25 下午 org.apache.catalina.core.ApplicationContext log
信息: ContextListener: attributeAdded('org.apache.jasper.compiler.TldLocationsCache', 'org.apache.jasper.compiler.TldLocationsCache@45f37908')
四月 09, 2020 4:10:25 下午 org.apache.catalina.core.ApplicationContext log
信息: SessionListener: contextDestroyed()
四月 09, 2020 4:10:25 下午 org.apache.catalina.core.ApplicationContext log
信息: ContextListener: contextDestroyed()
四月 09, 2020 4:10:45 下午 org.apache.catalina.core.ApplicationContext log
信息: ContextListener: contextInitialized()
四月 09, 2020 4:10:45 下午 org.apache.catalina.core.ApplicationContext log
信息: SessionListener: contextInitialized()
四月 09, 2020 4:10:45 下午 org.apache.catalina.core.ApplicationContext log
信息: ContextListener: attributeAdded('StockTicker', 'async.Stockticker@68d55c6f')
四月 09, 2020 4:10:45 下午 org.apache.catalina.core.ApplicationContext log
信息: ContextListener: attributeAdded('org.apache.jasper.compiler.TldLocationsCache', 'org.apache.jasper.compiler.TldLocationsCache@3bb62e30')
四月 09, 2020 4:10:46 下午 org.apache.catalina.core.ApplicationContext log
信息: SessionListener: contextDestroyed()
四月 09, 2020 4:10:46 下午 org.apache.catalina.core.ApplicationContext log
信息: ContextListener: contextDestroyed()
四月 09, 2020 4:10:59 下午 org.apache.catalina.core.ApplicationContext log
信息: ContextListener: contextInitialized()
四月 09, 2020 4:10:59 下午 org.apache.catalina.core.ApplicationContext log
信息: SessionListener: contextInitialized()
四月 09, 2020 4:10:59 下午 org.apache.catalina.core.ApplicationContext log
信息: ContextListener: attributeAdded('StockTicker', 'async.Stockticker@68d55c6f')
四月 09, 2020 4:10:59 下午 org.apache.catalina.core.ApplicationContext log
信息: ContextListener: attributeAdded('org.apache.jasper.compiler.TldLocationsCache', 'org.apache.jasper.compiler.TldLocationsCache@3bb62e30')
四月 09, 2020 4:10:59 下午 org.apache.catalina.core.ApplicationContext log
信息: SessionListener: contextDestroyed()
四月 09, 2020 4:10:59 下午 org.apache.catalina.core.ApplicationContext log
信息: ContextListener: contextDestroyed()
四月 09, 2020 4:11:23 下午 org.apache.catalina.core.ApplicationContext log
信息: ContextListener: contextInitialized()
四月 09, 2020 4:11:23 下午 org.apache.catalina.core.ApplicationContext log
信息: SessionListener: contextInitialized()
四月 09, 2020 4:11:23 下午 org.apache.catalina.core.ApplicationContext log
信息: ContextListener: attributeAdded('StockTicker', 'async.Stockticker@70f5c1bd')
四月 09, 2020 4:11:23 下午 org.apache.catalina.core.ApplicationContext log
信息: ContextListener: attributeAdded('org.apache.jasper.compiler.TldLocationsCache', 'org.apache.jasper.compiler.TldLocationsCache@277949be')
四月 09, 2020 4:11:24 下午 org.apache.catalina.core.ApplicationContext log
信息: SessionListener: contextDestroyed()
四月 09, 2020 4:11:24 下午 org.apache.catalina.core.ApplicationContext log
信息: ContextListener: contextDestroyed()
四月 09, 2020 4:12:31 下午 org.apache.catalina.core.ApplicationContext log
信息: ContextListener: contextInitialized()
四月 09, 2020 4:12:31 下午 org.apache.catalina.core.ApplicationContext log
信息: SessionListener: contextInitialized()
四月 09, 2020 4:12:31 下午 org.apache.catalina.core.ApplicationContext log
信息: ContextListener: attributeAdded('StockTicker', 'async.Stockticker@5eee4456')
四月 09, 2020 4:12:31 下午 org.apache.catalina.core.ApplicationContext log
信息: ContextListener: attributeAdded('org.apache.jasper.compiler.TldLocationsCache', 'org.apache.jasper.compiler.TldLocationsCache@75bf7803')
四月 09, 2020 4:12:31 下午 org.apache.catalina.core.ApplicationContext log
信息: SessionListener: contextDestroyed()
四月 09, 2020 4:12:31 下午 org.apache.catalina.core.ApplicationContext log
信息: ContextListener: contextDestroyed()
四月 09, 2020 4:18:40 下午 org.apache.catalina.core.ApplicationContext log
信息: ContextListener: contextInitialized()
四月 09, 2020 4:18:40 下午 org.apache.catalina.core.ApplicationContext log
信息: SessionListener: contextInitialized()
四月 09, 2020 4:18:40 下午 org.apache.catalina.core.ApplicationContext log
信息: ContextListener: attributeAdded('StockTicker', 'async.Stockticker@18d6db97')
四月 09, 2020 4:18:40 下午 org.apache.catalina.core.ApplicationContext log
信息: ContextListener: attributeAdded('org.apache.jasper.compiler.TldLocationsCache', 'org.apache.jasper.compiler.TldLocationsCache@677b408e')
四月 09, 2020 4:18:41 下午 org.apache.catalina.core.ApplicationContext log
信息: SessionListener: contextDestroyed()
四月 09, 2020 4:18:41 下午 org.apache.catalina.core.ApplicationContext log
信息: ContextListener: contextDestroyed()
四月 09, 2020 4:18:55 下午 org.apache.catalina.core.ApplicationContext log
信息: ContextListener: contextInitialized()
四月 09, 2020 4:18:55 下午 org.apache.catalina.core.ApplicationContext log
信息: SessionListener: contextInitialized()
四月 09, 2020 4:18:55 下午 org.apache.catalina.core.ApplicationContext log
信息: ContextListener: attributeAdded('StockTicker', 'async.Stockticker@34029744')
四月 09, 2020 4:18:55 下午 org.apache.catalina.core.ApplicationContext log
信息: ContextListener: attributeAdded('org.apache.jasper.compiler.TldLocationsCache', 'org.apache.jasper.compiler.TldLocationsCache@52c32932')
四月 09, 2020 4:18:56 下午 org.apache.catalina.core.ApplicationContext log
信息: SessionListener: contextDestroyed()
四月 09, 2020 4:18:56 下午 org.apache.catalina.core.ApplicationContext log
信息: ContextListener: contextDestroyed()
四月 09, 2020 4:19:18 下午 org.apache.catalina.core.ApplicationContext log
信息: ContextListener: contextInitialized()
四月 09, 2020 4:19:18 下午 org.apache.catalina.core.ApplicationContext log
信息: SessionListener: contextInitialized()
四月 09, 2020 4:19:18 下午 org.apache.catalina.core.ApplicationContext log
信息: ContextListener: attributeAdded('StockTicker', 'async.Stockticker@5eee4456')
四月 09, 2020 4:19:18 下午 org.apache.catalina.core.ApplicationContext log
信息: ContextListener: attributeAdded('org.apache.jasper.compiler.TldLocationsCache', 'org.apache.jasper.compiler.TldLocationsCache@75bf7803')
四月 09, 2020 4:19:18 下午 org.apache.catalina.core.ApplicationContext log
信息: SessionListener: contextDestroyed()
四月 09, 2020 4:19:18 下午 org.apache.catalina.core.ApplicationContext log
信息: ContextListener: contextDestroyed()
四月 09, 2020 4:22:59 下午 org.apache.catalina.core.ApplicationContext log
信息: ContextListener: contextInitialized()
四月 09, 2020 4:22:59 下午 org.apache.catalina.core.ApplicationContext log
信息: SessionListener: contextInitialized()
四月 09, 2020 4:22:59 下午 org.apache.catalina.core.ApplicationContext log
信息: ContextListener: attributeAdded('StockTicker', 'async.Stockticker@68d55c6f')
四月 09, 2020 4:22:59 下午 org.apache.catalina.core.ApplicationContext log
信息: ContextListener: attributeAdded('org.apache.jasper.compiler.TldLocationsCache', 'org.apache.jasper.compiler.TldLocationsCache@3bb62e30')
四月 09, 2020 4:23:01 下午 org.apache.catalina.core.ApplicationContext log
信息: SessionListener: contextDestroyed()
四月 09, 2020 4:23:01 下午 org.apache.catalina.core.ApplicationContext log
信息: ContextListener: contextDestroyed()
四月 09, 2020 4:27:46 下午 org.apache.catalina.core.ApplicationContext log
信息: ContextListener: contextInitialized()
四月 09, 2020 4:27:46 下午 org.apache.catalina.core.ApplicationContext log
信息: SessionListener: contextInitialized()
四月 09, 2020 4:27:46 下午 org.apache.catalina.core.ApplicationContext log
信息: ContextListener: attributeAdded('StockTicker', 'async.Stockticker@68d55c6f')
四月 09, 2020 4:27:46 下午 org.apache.catalina.core.ApplicationContext log
信息: ContextListener: attributeAdded('org.apache.jasper.compiler.TldLocationsCache', 'org.apache.jasper.compiler.TldLocationsCache@3bb62e30')
四月 09, 2020 4:27:47 下午 org.apache.catalina.core.ApplicationContext log
信息: SessionListener: contextDestroyed()
四月 09, 2020 4:27:47 下午 org.apache.catalina.core.ApplicationContext log
信息: ContextListener: contextDestroyed()
四月 09, 2020 4:29:08 下午 org.apache.catalina.core.ApplicationContext log
信息: ContextListener: contextInitialized()
四月 09, 2020 4:29:08 下午 org.apache.catalina.core.ApplicationContext log
信息: SessionListener: contextInitialized()
四月 09, 2020 4:29:08 下午 org.apache.catalina.core.ApplicationContext log
信息: ContextListener: attributeAdded('StockTicker', 'async.Stockticker@2f5cfa16')
四月 09, 2020 4:29:08 下午 org.apache.catalina.core.ApplicationContext log
信息: ContextListener: attributeAdded('org.apache.jasper.compiler.TldLocationsCache', 'org.apache.jasper.compiler.TldLocationsCache@ae2758f')
四月 09, 2020 4:29:09 下午 org.apache.catalina.core.ApplicationContext log
信息: SessionListener: contextDestroyed()
四月 09, 2020 4:29:09 下午 org.apache.catalina.core.ApplicationContext log
信息: ContextListener: contextDestroyed()
